# JRE version: 7.0_21-b12
# Java VM: Java HotSpot(TM) 64-Bit Server VM (23.21-b01 mixed mode bsd-amd64 compressed oops)
Heap
 PSYoungGen      total 64960K, used 7360K [0x000000013ae90000, 0x000000013f6f0000, 0x00000001503e0000)
  eden space 61888K, 6% used [0x000000013ae90000,0x000000013b2c3538,0x000000013eb00000)
  from space 3072K, 99% used [0x000000013f3f0000,0x000000013f6ecca0,0x000000013f6f0000)
  to   space 4928K, 0% used [0x000000013ed50000,0x000000013ed50000,0x000000013f220000)
 ParOldGen       total 44864K, used 3741K [0x00000001103e0000, 0x0000000112fb0000, 0x000000013ae90000)
  object space 44864K, 8% used [0x00000001103e0000,0x00000001107875c8,0x0000000112fb0000)
 PSPermGen       total 21248K, used 14660K [0x000000010b1e0000, 0x000000010c6a0000, 0x00000001103e0000)
  object space 21248K, 68% used [0x000000010b1e0000,0x000000010c031378,0x000000010c6a0000)
GC Heap History (10 events):
Event: 2.303 GC heap before
{Heap before GC invocations=4 (full 0):
 PSYoungGen      total 19648K, used 19168K [0x000000013ae90000, 0x000000013d4f0000, 0x00000001503e0000)
  eden space 16896K, 100% used [0x000000013ae90000,0x000000013bf10000,0x000000013bf10000)
  from space 2752K, 82% used [0x000000013bf10000,0x000000013c148090,0x000000013c1c0000)
  to   space 2752K, 0% used [0x000000013d240000,0x000000013d240000,0x000000013d4f0000)
 ParOldGen       total 44864K, used 16K [0x00000001103e0000, 0x0000000112fb0000, 0x000000013ae90000)
  object space 44864K, 0% used [0x00000001103e0000,0x00000001103e4000,0x0000000112fb0000)
 PSPermGen       total 21248K, used 10728K [0x000000010b1e0000, 0x000000010c6a0000, 0x00000001103e0000)
  object space 21248K, 50% used [0x000000010b1e0000,0x000000010bc5a1d8,0x000000010c6a0000)
Event: 2.307 GC heap after
Heap after GC invocations=4 (full 0):
 PSYoungGen      total 36544K, used 2665K [0x000000013ae90000, 0x000000013d4f0000, 0x00000001503e0000)
  eden space 33792K, 0% used [0x000000013ae90000,0x000000013ae90000,0x000000013cf90000)
  from space 2752K, 96% used [0x000000013d240000,0x000000013d4da490,0x000000013d4f0000)
  to   space 2752K, 0% used [0x000000013cf90000,0x000000013cf90000,0x000000013d240000)
 ParOldGen       total 44864K, used 16K [0x00000001103e0000, 0x0000000112fb0000, 0x000000013ae90000)
  object space 44864K, 0% used [0x00000001103e0000,0x00000001103e4000,0x0000000112fb0000)
 PSPermGen       total 21248K, used 10728K [0x000000010b1e0000, 0x000000010c6a0000, 0x00000001103e0000)
  object space 21248K, 50% used [0x000000010b1e0000,0x000000010bc5a1d8,0x000000010c6a0000)
}
Event: 2.631 GC heap before
{Heap before GC invocations=5 (full 0):
 PSYoungGen      total 36544K, used 36457K [0x000000013ae90000, 0x000000013d4f0000, 0x00000001503e0000)
  eden space 33792K, 100% used [0x000000013ae90000,0x000000013cf90000,0x000000013cf90000)
  from space 2752K, 96% used [0x000000013d240000,0x000000013d4da490,0x000000013d4f0000)
  to   space 2752K, 0% used [0x000000013cf90000,0x000000013cf90000,0x000000013d240000)
 ParOldGen       total 44864K, used 16K [0x00000001103e0000, 0x0000000112fb0000, 0x000000013ae90000)
  object space 44864K, 0% used [0x00000001103e0000,0x00000001103e4000,0x0000000112fb0000)
 PSPermGen       total 21248K, used 12951K [0x000000010b1e0000, 0x000000010c6a0000, 0x00000001103e0000)
  object space 21248K, 60% used [0x000000010b1e0000,0x000000010be85c18,0x000000010c6a0000)
Event: 2.637 GC heap after
Heap after GC invocations=5 (full 0):
 PSYoungGen      total 36544K, used 2751K [0x000000013ae90000, 0x000000013f830000, 0x00000001503e0000)
  eden space 33792K, 0% used [0x000000013ae90000,0x000000013ae90000,0x000000013cf90000)
  from space 2752K, 99% used [0x000000013cf90000,0x000000013d23fc70,0x000000013d240000)
  to   space 3904K, 0% used [0x000000013f460000,0x000000013f460000,0x000000013f830000)
 ParOldGen       total 44864K, used 1352K [0x00000001103e0000, 0x0000000112fb0000, 0x000000013ae90000)
  object space 44864K, 3% used [0x00000001103e0000,0x0000000110532090,0x0000000112fb0000)
 PSPermGen       total 21248K, used 12951K [0x000000010b1e0000, 0x000000010c6a0000, 0x00000001103e0000)
  object space 21248K, 60% used [0x000000010b1e0000,0x000000010be85c18,0x000000010c6a0000)
}
Event: 8.067 GC heap before
{Heap before GC invocations=6 (full 0):
 PSYoungGen      total 36544K, used 36543K [0x000000013ae90000, 0x000000013f830000, 0x00000001503e0000)
  eden space 33792K, 100% used [0x000000013ae90000,0x000000013cf90000,0x000000013cf90000)
  from space 2752K, 99% used [0x000000013cf90000,0x000000013d23fc70,0x000000013d240000)
  to   space 3904K, 0% used [0x000000013f460000,0x000000013f460000,0x000000013f830000)
 ParOldGen       total 44864K, used 1352K [0x00000001103e0000, 0x0000000112fb0000, 0x000000013ae90000)
  object space 44864K, 3% used [0x00000001103e0000,0x0000000110532090,0x0000000112fb0000)
 PSPermGen       total 21248K, used 14360K [0x000000010b1e0000, 0x000000010c6a0000, 0x00000001103e0000)
  object space 21248K, 67% used [0x000000010b1e0000,0x000000010bfe6180,0x000000010c6a0000)
Event: 8.074 GC heap after
Heap after GC invocations=6 (full 0):
 PSYoungGen      total 70912K, used 3881K [0x000000013ae90000, 0x000000013f950000, 0x00000001503e0000)
  eden space 67008K, 0% used [0x000000013ae90000,0x000000013ae90000,0x000000013f000000)
  from space 3904K, 99% used [0x000000013f460000,0x000000013f82a670,0x000000013f830000)
  to   space 4480K, 0% used [0x000000013f000000,0x000000013f000000,0x000000013f460000)
 ParOldGen       total 44864K, used 1572K [0x00000001103e0000, 0x0000000112fb0000, 0x000000013ae90000)
  object space 44864K, 3% used [0x00000001103e0000,0x0000000110569360,0x0000000112fb0000)
 PSPermGen       total 21248K, used 14360K [0x000000010b1e0000, 0x000000010c6a0000, 0x00000001103e0000)
  object space 21248K, 67% used [0x000000010b1e0000,0x000000010bfe6180,0x000000010c6a0000)
}
Event: 9.702 GC heap before
{Heap before GC invocations=7 (full 0):
 PSYoungGen      total 70912K, used 70576K [0x000000013ae90000, 0x000000013f950000, 0x00000001503e0000)
  eden space 67008K, 99% used [0x000000013ae90000,0x000000013efb1c08,0x000000013f000000)
  from space 3904K, 99% used [0x000000013f460000,0x000000013f82a670,0x000000013f830000)
  to   space 4480K, 0% used [0x000000013f000000,0x000000013f000000,0x000000013f460000)
 ParOldGen       total 44864K, used 1572K [0x00000001103e0000, 0x0000000112fb0000, 0x000000013ae90000)
  object space 44864K, 3% used [0x00000001103e0000,0x0000000110569360,0x0000000112fb0000)
 PSPermGen       total 21248K, used 14433K [0x000000010b1e0000, 0x000000010c6a0000, 0x00000001103e0000)
  object space 21248K, 67% used [0x000000010b1e0000,0x000000010bff87f8,0x000000010c6a0000)
Event: 9.708 GC heap after
Heap after GC invocations=7 (full 0):
 PSYoungGen      total 68416K, used 4018K [0x000000013ae90000, 0x000000013f6f0000, 0x00000001503e0000)
  eden space 64384K, 0% used [0x000000013ae90000,0x000000013ae90000,0x000000013ed70000)
  from space 4032K, 99% used [0x000000013f000000,0x000000013f3ecba8,0x000000013f3f0000)
  to   space 3072K, 0% used [0x000000013f3f0000,0x000000013f3f0000,0x000000013f6f0000)
 ParOldGen       total 44864K, used 3127K [0x00000001103e0000, 0x0000000112fb0000, 0x000000013ae90000)
  object space 44864K, 6% used [0x00000001103e0000,0x00000001106edc88,0x0000000112fb0000)
 PSPermGen       total 21248K, used 14433K [0x000000010b1e0000, 0x000000010c6a0000, 0x00000001103e0000)
  object space 21248K, 67% used [0x000000010b1e0000,0x000000010bff87f8,0x000000010c6a0000)
}
Event: 9.982 GC heap before
{Heap before GC invocations=8 (full 0):
 PSYoungGen      total 68416K, used 67436K [0x000000013ae90000, 0x000000013f6f0000, 0x00000001503e0000)
  eden space 64384K, 98% used [0x000000013ae90000,0x000000013ec7e6b8,0x000000013ed70000)
  from space 4032K, 99% used [0x000000013f000000,0x000000013f3ecba8,0x000000013f3f0000)
  to   space 3072K, 0% used [0x000000013f3f0000,0x000000013f3f0000,0x000000013f6f0000)
 ParOldGen       total 44864K, used 3127K [0x00000001103e0000, 0x0000000112fb0000, 0x000000013ae90000)
  object space 44864K, 6% used [0x00000001103e0000,0x00000001106edc88,0x0000000112fb0000)
 PSPermGen       total 21248K, used 14652K [0x000000010b1e0000, 0x000000010c6a0000, 0x00000001103e0000)
  object space 21248K, 68% used [0x000000010b1e0000,0x000000010c02f3b0,0x000000010c6a0000)
Event: 9.985 GC heap after
Heap after GC invocations=8 (full 0):
 PSYoungGen      total 64960K, used 3059K [0x000000013ae90000, 0x000000013f6f0000, 0x00000001503e0000)
  eden space 61888K, 0% used [0x000000013ae90000,0x000000013ae90000,0x000000013eb00000)
  from space 3072K, 99% used [0x000000013f3f0000,0x000000013f6ecca0,0x000000013f6f0000)
  to   space 4928K, 0% used [0x000000013ed50000,0x000000013ed50000,0x000000013f220000)
 ParOldGen       total 44864K, used 3741K [0x00000001103e0000, 0x0000000112fb0000, 0x000000013ae90000)
  object space 44864K, 8% used [0x00000001103e0000,0x00000001107875c8,0x0000000112fb0000)
 PSPermGen       total 21248K, used 14652K [0x000000010b1e0000, 0x000000010c6a0000, 0x00000001103e0000)
  object space 21248K, 68% used [0x000000010b1e0000,0x000000010c02f3b0,0x000000010c6a0000)
}

