# JRE version: 7.0_21-b12
# Java VM: Java HotSpot(TM) 64-Bit Server VM (23.21-b01 mixed mode bsd-amd64 compressed oops)
Heap
 PSYoungGen      total 124800K, used 76504K [0x000000013e500000, 0x0000000146f80000, 0x0000000153a50000)
  eden space 123200K, 60% used [0x000000013e500000,0x0000000142e2ba28,0x0000000145d50000)
  from space 1600K, 98% used [0x0000000146df0000,0x0000000146f7a818,0x0000000146f80000)
  to   space 7616K, 0% used [0x00000001460a0000,0x00000001460a0000,0x0000000146810000)
 ParOldGen       total 44800K, used 10394K [0x0000000113a50000, 0x0000000116610000, 0x000000013e500000)
  object space 44800K, 23% used [0x0000000113a50000,0x00000001144768c8,0x0000000116610000)
 PSPermGen       total 21248K, used 14858K [0x000000010e850000, 0x000000010fd10000, 0x0000000113a50000)
  object space 21248K, 69% used [0x000000010e850000,0x000000010f6d2968,0x000000010fd10000)
GC Heap History (10 events):
Event: 3.141 GC heap before
{Heap before GC invocations=4 (full 0):
 PSYoungGen      total 36544K, used 36520K [0x000000013e500000, 0x0000000142c60000, 0x0000000153a50000)
  eden space 33792K, 99% used [0x000000013e500000,0x00000001405fee88,0x0000000140600000)
  from space 2752K, 99% used [0x0000000140600000,0x00000001408ab528,0x00000001408b0000)
  to   space 2752K, 0% used [0x00000001429b0000,0x00000001429b0000,0x0000000142c60000)
 ParOldGen       total 44800K, used 119K [0x0000000113a50000, 0x0000000116610000, 0x000000013e500000)
  object space 44800K, 0% used [0x0000000113a50000,0x0000000113a6de18,0x0000000116610000)
 PSPermGen       total 21248K, used 12917K [0x000000010e850000, 0x000000010fd10000, 0x0000000113a50000)
  object space 21248K, 60% used [0x000000010e850000,0x000000010f4ed740,0x000000010fd10000)
Event: 3.148 GC heap after
Heap after GC invocations=4 (full 0):
 PSYoungGen      total 70336K, used 2725K [0x000000013e500000, 0x0000000142c60000, 0x0000000153a50000)
  eden space 67584K, 0% used [0x000000013e500000,0x000000013e500000,0x0000000142700000)
  from space 2752K, 99% used [0x00000001429b0000,0x0000000142c595c8,0x0000000142c60000)
  to   space 2752K, 0% used [0x0000000142700000,0x0000000142700000,0x00000001429b0000)
 ParOldGen       total 44800K, used 1505K [0x0000000113a50000, 0x0000000116610000, 0x000000013e500000)
  object space 44800K, 3% used [0x0000000113a50000,0x0000000113bc8430,0x0000000116610000)
 PSPermGen       total 21248K, used 12917K [0x000000010e850000, 0x000000010fd10000, 0x0000000113a50000)
  object space 21248K, 60% used [0x000000010e850000,0x000000010f4ed740,0x000000010fd10000)
}
Event: 3.841 GC heap before
{Heap before GC invocations=5 (full 0):
 PSYoungGen      total 70336K, used 70309K [0x000000013e500000, 0x0000000142c60000, 0x0000000153a50000)
  eden space 67584K, 100% used [0x000000013e500000,0x0000000142700000,0x0000000142700000)
  from space 2752K, 99% used [0x00000001429b0000,0x0000000142c595c8,0x0000000142c60000)
  to   space 2752K, 0% used [0x0000000142700000,0x0000000142700000,0x00000001429b0000)
 ParOldGen       total 44800K, used 1505K [0x0000000113a50000, 0x0000000116610000, 0x000000013e500000)
  object space 44800K, 3% used [0x0000000113a50000,0x0000000113bc8430,0x0000000116610000)
 PSPermGen       total 21248K, used 14344K [0x000000010e850000, 0x000000010fd10000, 0x0000000113a50000)
  object space 21248K, 67% used [0x000000010e850000,0x000000010f6521b0,0x000000010fd10000)
Event: 3.849 GC heap after
Heap after GC invocations=5 (full 0):
 PSYoungGen      total 70336K, used 2727K [0x000000013e500000, 0x00000001473e0000, 0x0000000153a50000)
  eden space 67584K, 0% used [0x000000013e500000,0x000000013e500000,0x0000000142700000)
  from space 2752K, 99% used [0x0000000142700000,0x00000001429a9d08,0x00000001429b0000)
  to   space 5568K, 0% used [0x0000000146e70000,0x0000000146e70000,0x00000001473e0000)
 ParOldGen       total 44800K, used 3984K [0x0000000113a50000, 0x0000000116610000, 0x000000013e500000)
  object space 44800K, 8% used [0x0000000113a50000,0x0000000113e34088,0x0000000116610000)
 PSPermGen       total 21248K, used 14344K [0x000000010e850000, 0x000000010fd10000, 0x0000000113a50000)
  object space 21248K, 67% used [0x000000010e850000,0x000000010f6521b0,0x000000010fd10000)
}
Event: 9.082 GC heap before
{Heap before GC invocations=6 (full 0):
 PSYoungGen      total 70336K, used 70311K [0x000000013e500000, 0x00000001473e0000, 0x0000000153a50000)
  eden space 67584K, 100% used [0x000000013e500000,0x0000000142700000,0x0000000142700000)
  from space 2752K, 99% used [0x0000000142700000,0x00000001429a9d08,0x00000001429b0000)
  to   space 5568K, 0% used [0x0000000146e70000,0x0000000146e70000,0x00000001473e0000)
 ParOldGen       total 44800K, used 3984K [0x0000000113a50000, 0x0000000116610000, 0x000000013e500000)
  object space 44800K, 8% used [0x0000000113a50000,0x0000000113e34088,0x0000000116610000)
 PSPermGen       total 21248K, used 14543K [0x000000010e850000, 0x000000010fd10000, 0x0000000113a50000)
  object space 21248K, 68% used [0x000000010e850000,0x000000010f683d20,0x000000010fd10000)
Event: 9.086 GC heap after
Heap after GC invocations=6 (full 0):
 PSYoungGen      total 140416K, used 4393K [0x000000013e500000, 0x0000000147480000, 0x0000000153a50000)
  eden space 134848K, 0% used [0x000000013e500000,0x000000013e500000,0x00000001468b0000)
  from space 5568K, 78% used [0x0000000146e70000,0x00000001472ba730,0x00000001473e0000)
  to   space 5888K, 0% used [0x00000001468b0000,0x00000001468b0000,0x0000000146e70000)
 ParOldGen       total 44800K, used 3992K [0x0000000113a50000, 0x0000000116610000, 0x000000013e500000)
  object space 44800K, 8% used [0x0000000113a50000,0x0000000113e36088,0x0000000116610000)
 PSPermGen       total 21248K, used 14543K [0x000000010e850000, 0x000000010fd10000, 0x0000000113a50000)
  object space 21248K, 68% used [0x000000010e850000,0x000000010f683d20,0x000000010fd10000)
}
Event: 39.558 GC heap before
{Heap before GC invocations=7 (full 0):
 PSYoungGen      total 140416K, used 139241K [0x000000013e500000, 0x0000000147480000, 0x0000000153a50000)
  eden space 134848K, 100% used [0x000000013e500000,0x00000001468b0000,0x00000001468b0000)
  from space 5568K, 78% used [0x0000000146e70000,0x00000001472ba730,0x00000001473e0000)
  to   space 5888K, 0% used [0x00000001468b0000,0x00000001468b0000,0x0000000146e70000)
 ParOldGen       total 44800K, used 3992K [0x0000000113a50000, 0x0000000116610000, 0x000000013e500000)
  object space 44800K, 8% used [0x0000000113a50000,0x0000000113e36088,0x0000000116610000)
 PSPermGen       total 21248K, used 14695K [0x000000010e850000, 0x000000010fd10000, 0x0000000113a50000)
  object space 21248K, 69% used [0x000000010e850000,0x000000010f6a9d98,0x000000010fd10000)
Event: 39.562 GC heap after
Heap after GC invocations=7 (full 0):
 PSYoungGen      total 134272K, used 5332K [0x000000013e500000, 0x0000000146f80000, 0x0000000153a50000)
  eden space 128896K, 0% used [0x000000013e500000,0x000000013e500000,0x00000001462e0000)
  from space 5376K, 99% used [0x00000001468b0000,0x0000000146de5380,0x0000000146df0000)
  to   space 1600K, 0% used [0x0000000146df0000,0x0000000146df0000,0x0000000146f80000)
 ParOldGen       total 44800K, used 4869K [0x0000000113a50000, 0x0000000116610000, 0x000000013e500000)
  object space 44800K, 10% used [0x0000000113a50000,0x0000000113f115f0,0x0000000116610000)
 PSPermGen       total 21248K, used 14695K [0x000000010e850000, 0x000000010fd10000, 0x0000000113a50000)
  object space 21248K, 69% used [0x000000010e850000,0x000000010f6a9d98,0x000000010fd10000)
}
Event: 64.822 GC heap before
{Heap before GC invocations=8 (full 0):
 PSYoungGen      total 134272K, used 134228K [0x000000013e500000, 0x0000000146f80000, 0x0000000153a50000)
  eden space 128896K, 100% used [0x000000013e500000,0x00000001462e0000,0x00000001462e0000)
  from space 5376K, 99% used [0x00000001468b0000,0x0000000146de5380,0x0000000146df0000)
  to   space 1600K, 0% used [0x0000000146df0000,0x0000000146df0000,0x0000000146f80000)
 ParOldGen       total 44800K, used 4869K [0x0000000113a50000, 0x0000000116610000, 0x000000013e500000)
  object space 44800K, 10% used [0x0000000113a50000,0x0000000113f115f0,0x0000000116610000)
 PSPermGen       total 21248K, used 14826K [0x000000010e850000, 0x000000010fd10000, 0x0000000113a50000)
  object space 21248K, 69% used [0x000000010e850000,0x000000010f6caa88,0x000000010fd10000)
Event: 64.827 GC heap after
Heap after GC invocations=8 (full 0):
 PSYoungGen      total 124800K, used 1578K [0x000000013e500000, 0x0000000146f80000, 0x0000000153a50000)
  eden space 123200K, 0% used [0x000000013e500000,0x000000013e500000,0x0000000145d50000)
  from space 1600K, 98% used [0x0000000146df0000,0x0000000146f7a818,0x0000000146f80000)
  to   space 7616K, 0% used [0x00000001460a0000,0x00000001460a0000,0x0000000146810000)
 ParOldGen       total 44800K, used 10394K [0x0000000113a50000, 0x0000000116610000, 0x000000013e500000)
  object space 44800K, 23% used [0x0000000113a50000,0x00000001144768c8,0x0000000116610000)
 PSPermGen       total 21248K, used 14826K [0x000000010e850000, 0x000000010fd10000, 0x0000000113a50000)
  object space 21248K, 69% used [0x000000010e850000,0x000000010f6caa88,0x000000010fd10000)
}

